<?xml version="1.0" encoding="UTF-8"?>
<!-- Generated by org.testng.reporters.JUnitReportReporter -->
<testsuite hostname="Karan-Lenovo" failures="0" tests="2" name="runner.TestNGrUNNER" time="35.696" errors="0" timestamp="2024-12-04T14:35:58 IST" skipped="0">
  <testcase classname="runner.TestNGrUNNER" name="runScenario" time="19.863"/>
  <testcase classname="runner.TestNGrUNNER" name="runScenario" time="15.833"/>
</testsuite> <!-- runner.TestNGrUNNER -->
