<?xml version="1.0" encoding="UTF-8"?>
<!-- Generated by org.testng.reporters.JUnitReportReporter -->
<testsuite hostname="Karan-Lenovo" failures="0" tests="1" name="runner.TestNGrUNNER" time="16.862" errors="0" timestamp="2024-11-02T04:48:00 IST" skipped="0">
  <testcase classname="runner.TestNGrUNNER" name="runScenario" time="16.862"/>
</testsuite> <!-- runner.TestNGrUNNER -->
